Sat Jul 21 2018 22:11:52 GMT+0800 (Taipei Standard Time) starting lt_video.js
Sat Jul 21 2018 22:11:52 GMT+0800 (Taipei Standard Time) ===================================================================
Sat Jul 21 2018 22:11:52 GMT+0800 (Taipei Standard Time) http://video.codeplay.me
Sat Jul 21 2018 22:12:18 GMT+0800 (Taipei Standard Time) GET /webserver/status.html
Sat Jul 21 2018 22:13:03 GMT+0800 (Taipei Standard Time) GET /webserver/status.html
Sat Jul 21 2018 22:13:19 GMT+0800 (Taipei Standard Time) GET /video_stream.jpg?time=1&pDelay=120000
Sat Jul 21 2018 22:13:48 GMT+0800 (Taipei Standard Time) ===================================================================
Sat Jul 21 2018 22:13:48 GMT+0800 (Taipei Standard Time) starting lt_video.js
Sat Jul 21 2018 22:13:49 GMT+0800 (Taipei Standard Time) http://video.codeplay.me
Sat Jul 21 2018 22:14:13 GMT+0800 (Taipei Standard Time) GET /webserver/status.html
Sat Jul 21 2018 22:15:23 GMT+0800 (Taipei Standard Time) ===================================================================
Sat Jul 21 2018 22:15:23 GMT+0800 (Taipei Standard Time) starting lt_video.js
Sat Jul 21 2018 22:15:24 GMT+0800 (Taipei Standard Time) http://video.codeplay.me
Sat Jul 21 2018 22:15:24 GMT+0800 (Taipei Standard Time) GET /video_stream.jpg?time=1&pDelay=120000
Sat Jul 21 2018 22:15:28 GMT+0800 (Taipei Standard Time) GET /video_stream.jpg?time=1&pDelay=120000
Sat Jul 21 2018 22:15:29 GMT+0800 (Taipei Standard Time) GET /webserver/index.html
Sat Jul 21 2018 22:15:29 GMT+0800 (Taipei Standard Time) GET /webserver/js/jquery-1.11.3.min.js
Sat Jul 21 2018 22:15:29 GMT+0800 (Taipei Standard Time) GET /webserver/css/bootstrap.css
Sat Jul 21 2018 22:15:29 GMT+0800 (Taipei Standard Time) GET /webserver/css/lcars.css
Sat Jul 21 2018 22:15:29 GMT+0800 (Taipei Standard Time) GET /webserver/css/lcars3.css
Sat Jul 21 2018 22:15:29 GMT+0800 (Taipei Standard Time) GET /webserver/css/lcars2.css
Sat Jul 21 2018 22:15:29 GMT+0800 (Taipei Standard Time) GET /webserver/js/bootstrap.min.js
Sat Jul 21 2018 22:15:29 GMT+0800 (Taipei Standard Time) GET /webserver/knob/dist/jquery.knob.min.js
Sat Jul 21 2018 22:15:30 GMT+0800 (Taipei Standard Time) GET /webserver/js/keymaster.js
Sat Jul 21 2018 22:15:30 GMT+0800 (Taipei Standard Time) GET /webserver/js/sobel.js
Sat Jul 21 2018 22:15:30 GMT+0800 (Taipei Standard Time) GET /webserver/js/keypress.js
Sat Jul 21 2018 22:15:30 GMT+0800 (Taipei Standard Time) GET /webserver/index.js
Sat Jul 21 2018 22:15:30 GMT+0800 (Taipei Standard Time) GET /webserver/images/stars.jpg
Sat Jul 21 2018 22:15:30 GMT+0800 (Taipei Standard Time) GET /webserver/fonts/Swiss911UltraCompressedBT.ttf
Sat Jul 21 2018 22:15:30 GMT+0800 (Taipei Standard Time) GET /read_data
Sat Jul 21 2018 22:15:30 GMT+0800 (Taipei Standard Time) GET /video_stream.jpg?time=1&pDelay=120000
Sat Jul 21 2018 22:15:30 GMT+0800 (Taipei Standard Time) GET /webserver/audio/computerbeep_23.mp3
Sat Jul 21 2018 22:15:30 GMT+0800 (Taipei Standard Time) GET /webserver/audio/computerbeep_35.mp3
Sat Jul 21 2018 22:15:31 GMT+0800 (Taipei Standard Time) GET /webserver/audio/computerbeep_27.mp3
Sat Jul 21 2018 22:15:31 GMT+0800 (Taipei Standard Time) GET /read_data
Sat Jul 21 2018 22:15:33 GMT+0800 (Taipei Standard Time) GET /read_data
Sat Jul 21 2018 22:15:34 GMT+0800 (Taipei Standard Time) GET /read_data
Sat Jul 21 2018 22:15:35 GMT+0800 (Taipei Standard Time) GET /read_data
Sat Jul 21 2018 22:15:36 GMT+0800 (Taipei Standard Time) GET /read_data
Sat Jul 21 2018 22:15:37 GMT+0800 (Taipei Standard Time) GET /read_data
Sat Jul 21 2018 22:15:38 GMT+0800 (Taipei Standard Time) GET /read_data
Sat Jul 21 2018 22:15:40 GMT+0800 (Taipei Standard Time) GET /read_data
Sat Jul 21 2018 22:15:41 GMT+0800 (Taipei Standard Time) GET /read_data
Sat Jul 21 2018 22:15:42 GMT+0800 (Taipei Standard Time) GET /read_data
Sat Jul 21 2018 22:15:43 GMT+0800 (Taipei Standard Time) GET /read_data
Sat Jul 21 2018 22:15:44 GMT+0800 (Taipei Standard Time) GET /read_data
Sat Jul 21 2018 22:15:45 GMT+0800 (Taipei Standard Time) GET /read_data
Sat Jul 21 2018 22:15:47 GMT+0800 (Taipei Standard Time) GET /read_data
Sat Jul 21 2018 22:15:48 GMT+0800 (Taipei Standard Time) GET /read_data
Sat Jul 21 2018 22:15:49 GMT+0800 (Taipei Standard Time) GET /webserver/status.html
Sat Jul 21 2018 22:15:49 GMT+0800 (Taipei Standard Time) GET /read_data
Sat Jul 21 2018 22:15:50 GMT+0800 (Taipei Standard Time) GET /read_data
Sat Jul 21 2018 22:15:51 GMT+0800 (Taipei Standard Time) GET /read_data
Sat Jul 21 2018 22:15:52 GMT+0800 (Taipei Standard Time) GET /read_data
Sat Jul 21 2018 22:15:53 GMT+0800 (Taipei Standard Time) GET /read_data
Sat Jul 21 2018 22:15:55 GMT+0800 (Taipei Standard Time) GET /read_data
Sat Jul 21 2018 22:15:56 GMT+0800 (Taipei Standard Time) GET /read_data
Sat Jul 21 2018 22:15:57 GMT+0800 (Taipei Standard Time) GET /read_data
Sat Jul 21 2018 22:15:58 GMT+0800 (Taipei Standard Time) GET /read_data
Sat Jul 21 2018 22:15:59 GMT+0800 (Taipei Standard Time) GET /read_data
Sat Jul 21 2018 22:16:00 GMT+0800 (Taipei Standard Time) GET /read_data
Sat Jul 21 2018 22:16:01 GMT+0800 (Taipei Standard Time) GET /read_data
Sat Jul 21 2018 22:16:03 GMT+0800 (Taipei Standard Time) GET /read_data
Sat Jul 21 2018 22:16:04 GMT+0800 (Taipei Standard Time) GET /read_data
Sat Jul 21 2018 22:16:05 GMT+0800 (Taipei Standard Time) GET /read_data
Sat Jul 21 2018 22:16:06 GMT+0800 (Taipei Standard Time) GET /read_data
Sat Jul 21 2018 22:16:07 GMT+0800 (Taipei Standard Time) GET /read_data
Sat Jul 21 2018 22:16:08 GMT+0800 (Taipei Standard Time) GET /read_data
Sat Jul 21 2018 22:16:09 GMT+0800 (Taipei Standard Time) GET /read_data
Sat Jul 21 2018 22:16:11 GMT+0800 (Taipei Standard Time) GET /read_data
Sat Jul 21 2018 22:16:12 GMT+0800 (Taipei Standard Time) GET /read_data
Sat Jul 21 2018 22:16:13 GMT+0800 (Taipei Standard Time) GET /read_data
Sat Jul 21 2018 22:16:14 GMT+0800 (Taipei Standard Time) GET /read_data
Sat Jul 21 2018 22:16:15 GMT+0800 (Taipei Standard Time) GET /read_data
Sat Jul 21 2018 22:16:16 GMT+0800 (Taipei Standard Time) GET /read_data
Sat Jul 21 2018 22:16:17 GMT+0800 (Taipei Standard Time) GET /read_data
Sat Jul 21 2018 22:16:19 GMT+0800 (Taipei Standard Time) GET /read_data
Sat Jul 21 2018 22:16:20 GMT+0800 (Taipei Standard Time) GET /read_data
Sat Jul 21 2018 22:16:21 GMT+0800 (Taipei Standard Time) GET /read_data
Sat Jul 21 2018 22:16:22 GMT+0800 (Taipei Standard Time) GET /read_data
Sat Jul 21 2018 22:16:23 GMT+0800 (Taipei Standard Time) GET /read_data
Sat Jul 21 2018 22:16:24 GMT+0800 (Taipei Standard Time) GET /read_data
Sat Jul 21 2018 22:16:25 GMT+0800 (Taipei Standard Time) GET /read_data
Sat Jul 21 2018 22:16:27 GMT+0800 (Taipei Standard Time) GET /read_data
Sat Jul 21 2018 22:16:28 GMT+0800 (Taipei Standard Time) GET /read_data
Sat Jul 21 2018 22:16:29 GMT+0800 (Taipei Standard Time) GET /read_data
Sat Jul 21 2018 22:16:30 GMT+0800 (Taipei Standard Time) GET /read_data
Sat Jul 21 2018 22:16:31 GMT+0800 (Taipei Standard Time) GET /read_data
Sat Jul 21 2018 22:16:32 GMT+0800 (Taipei Standard Time) GET /read_data
Sat Jul 21 2018 22:16:33 GMT+0800 (Taipei Standard Time) GET /read_data
Sat Jul 21 2018 22:16:34 GMT+0800 (Taipei Standard Time) GET /webserver/status.html
Sat Jul 21 2018 22:16:35 GMT+0800 (Taipei Standard Time) GET /read_data
Sat Jul 21 2018 22:16:36 GMT+0800 (Taipei Standard Time) GET /read_data
Sat Jul 21 2018 22:16:37 GMT+0800 (Taipei Standard Time) GET /read_data
Sat Jul 21 2018 22:16:37 GMT+0800 (Taipei Standard Time) GET /webserver/index.html
Sat Jul 21 2018 22:16:38 GMT+0800 (Taipei Standard Time) GET /webserver/css/bootstrap.css
Sat Jul 21 2018 22:16:38 GMT+0800 (Taipei Standard Time) GET /webserver/css/lcars.css
Sat Jul 21 2018 22:16:38 GMT+0800 (Taipei Standard Time) GET /webserver/css/lcars3.css
Sat Jul 21 2018 22:16:38 GMT+0800 (Taipei Standard Time) GET /webserver/css/lcars2.css
Sat Jul 21 2018 22:16:38 GMT+0800 (Taipei Standard Time) GET /webserver/js/jquery-1.11.3.min.js
Sat Jul 21 2018 22:16:38 GMT+0800 (Taipei Standard Time) GET /webserver/js/bootstrap.min.js
Sat Jul 21 2018 22:16:38 GMT+0800 (Taipei Standard Time) GET /webserver/knob/dist/jquery.knob.min.js
Sat Jul 21 2018 22:16:38 GMT+0800 (Taipei Standard Time) GET /webserver/js/keymaster.js
Sat Jul 21 2018 22:16:38 GMT+0800 (Taipei Standard Time) GET /webserver/js/sobel.js
Sat Jul 21 2018 22:16:39 GMT+0800 (Taipei Standard Time) GET /webserver/js/keypress.js
Sat Jul 21 2018 22:16:39 GMT+0800 (Taipei Standard Time) GET /webserver/index.js
Sat Jul 21 2018 22:16:39 GMT+0800 (Taipei Standard Time) GET /webserver/images/stars.jpg
Sat Jul 21 2018 22:16:39 GMT+0800 (Taipei Standard Time) GET /webserver/fonts/Swiss911UltraCompressedBT.ttf
Sat Jul 21 2018 22:16:39 GMT+0800 (Taipei Standard Time) GET /read_data
Sat Jul 21 2018 22:16:39 GMT+0800 (Taipei Standard Time) GET /video_stream.jpg?time=1&pDelay=120000
Sat Jul 21 2018 22:16:39 GMT+0800 (Taipei Standard Time) GET /webserver/audio/computerbeep_23.mp3
Sat Jul 21 2018 22:16:39 GMT+0800 (Taipei Standard Time) GET /webserver/audio/computerbeep_35.mp3
Sat Jul 21 2018 22:16:39 GMT+0800 (Taipei Standard Time) GET /webserver/audio/computerbeep_27.mp3
Sat Jul 21 2018 22:16:40 GMT+0800 (Taipei Standard Time) GET /read_data
Sat Jul 21 2018 22:16:41 GMT+0800 (Taipei Standard Time) GET /read_data
Sat Jul 21 2018 22:16:43 GMT+0800 (Taipei Standard Time) GET /read_data
Sat Jul 21 2018 22:16:44 GMT+0800 (Taipei Standard Time) GET /read_data
Sat Jul 21 2018 22:16:45 GMT+0800 (Taipei Standard Time) GET /read_data
Sat Jul 21 2018 22:16:46 GMT+0800 (Taipei Standard Time) GET /read_data
Sat Jul 21 2018 22:16:47 GMT+0800 (Taipei Standard Time) GET /read_data
Sat Jul 21 2018 22:16:49 GMT+0800 (Taipei Standard Time) GET /read_data
Sat Jul 21 2018 22:16:50 GMT+0800 (Taipei Standard Time) GET /read_data
Sat Jul 21 2018 22:16:51 GMT+0800 (Taipei Standard Time) GET /read_data
Sat Jul 21 2018 22:16:52 GMT+0800 (Taipei Standard Time) GET /read_data
Sat Jul 21 2018 22:16:53 GMT+0800 (Taipei Standard Time) GET /read_data
Sat Jul 21 2018 22:16:54 GMT+0800 (Taipei Standard Time) GET /read_data
Sat Jul 21 2018 22:16:56 GMT+0800 (Taipei Standard Time) GET /read_data
Sat Jul 21 2018 22:16:57 GMT+0800 (Taipei Standard Time) GET /read_data
Sat Jul 21 2018 22:16:58 GMT+0800 (Taipei Standard Time) GET /read_data
Sat Jul 21 2018 22:16:59 GMT+0800 (Taipei Standard Time) GET /read_data
Sat Jul 21 2018 22:17:00 GMT+0800 (Taipei Standard Time) GET /read_data
Sat Jul 21 2018 22:17:01 GMT+0800 (Taipei Standard Time) GET /read_data
Sat Jul 21 2018 22:17:03 GMT+0800 (Taipei Standard Time) GET /read_data
Sat Jul 21 2018 22:17:04 GMT+0800 (Taipei Standard Time) GET /read_data
Sat Jul 21 2018 22:17:05 GMT+0800 (Taipei Standard Time) GET /read_data
Sat Jul 21 2018 22:17:06 GMT+0800 (Taipei Standard Time) GET /read_data
Sat Jul 21 2018 22:17:07 GMT+0800 (Taipei Standard Time) GET /read_data
Sat Jul 21 2018 22:17:09 GMT+0800 (Taipei Standard Time) GET /read_data
Sat Jul 21 2018 22:17:10 GMT+0800 (Taipei Standard Time) GET /read_data
Sat Jul 21 2018 22:17:11 GMT+0800 (Taipei Standard Time) GET /read_data
Sat Jul 21 2018 22:17:12 GMT+0800 (Taipei Standard Time) GET /read_data
Sat Jul 21 2018 22:17:13 GMT+0800 (Taipei Standard Time) GET /read_data
Sat Jul 21 2018 22:17:14 GMT+0800 (Taipei Standard Time) GET /read_data
Sat Jul 21 2018 22:17:15 GMT+0800 (Taipei Standard Time) GET /read_data
Sat Jul 21 2018 22:17:17 GMT+0800 (Taipei Standard Time) GET /read_data
Sat Jul 21 2018 22:17:18 GMT+0800 (Taipei Standard Time) GET /read_data
Sat Jul 21 2018 22:17:19 GMT+0800 (Taipei Standard Time) GET /webserver/status.html
Sat Jul 21 2018 22:17:20 GMT+0800 (Taipei Standard Time) GET /read_data
Sat Jul 21 2018 22:17:21 GMT+0800 (Taipei Standard Time) GET /read_data
Sat Jul 21 2018 22:17:22 GMT+0800 (Taipei Standard Time) GET /read_data
Sat Jul 21 2018 22:17:23 GMT+0800 (Taipei Standard Time) GET /read_data
Sat Jul 21 2018 22:17:39 GMT+0800 (Taipei Standard Time) ===================================================================
Sat Jul 21 2018 22:17:39 GMT+0800 (Taipei Standard Time) starting lt_video.js
Sat Jul 21 2018 22:17:41 GMT+0800 (Taipei Standard Time) http://video.codeplay.me
Sat Jul 21 2018 22:18:03 GMT+0800 (Taipei Standard Time) GET /webserver/status.html
